INFO: 05/29/2019  10:25:01 AM PadThread  Starting
INFO: 05/29/2019  10:25:01 AM DataExchangeThread  Starting
INFO: 05/29/2019  10:25:02 AM Logger      Starting
INFO: 05/29/2019  10:25:02 AM Logger     PadThread is alive
INFO: 05/29/2019  10:25:02 AM Crane_1    Starting
INFO: 05/29/2019  10:25:02 AM Logger     Logger is alive
INFO: 05/29/2019  10:25:02 AM Crane_2    Starting
INFO: 05/29/2019  10:25:02 AM Logger     Crane_1 is alive
INFO: 05/29/2019  10:25:02 AM Logger     Crane_2 is alive
INFO: 05/29/2019  10:25:02 AM Logger     Crane_3 is alive
INFO: 05/29/2019  10:25:02 AM Crane_3    Starting
INFO: 05/29/2019  10:25:02 AM Crane_4    Starting
INFO: 05/29/2019  10:25:02 AM MainThread Socket successfully bound to localhost
INFO: 05/29/2019  10:25:03 AM Logger     PadThread is alive
INFO: 05/29/2019  10:25:03 AM Logger     Logger is alive
INFO: 05/29/2019  10:25:03 AM Logger     Crane_1 is alive
INFO: 05/29/2019  10:25:03 AM Logger     Crane_2 is alive
INFO: 05/29/2019  10:25:03 AM Logger     Crane_3 is alive
INFO: 05/29/2019  10:25:03 AM Logger     Crane_4 is alive
INFO: 05/29/2019  10:25:05 AM Logger     PadThread is alive
INFO: 05/29/2019  10:25:05 AM Logger     Logger is alive
INFO: 05/29/2019  10:25:05 AM Logger     Crane_1 is alive
INFO: 05/29/2019  10:25:05 AM Logger     Crane_2 is alive
INFO: 05/29/2019  10:25:05 AM Logger     Crane_3 is alive
INFO: 05/29/2019  10:25:05 AM Logger     Crane_4 is alive
INFO: 05/29/2019  10:25:06 AM Logger     PadThread is alive
INFO: 05/29/2019  10:25:06 AM Logger     Logger is alive
INFO: 05/29/2019  10:25:06 AM Logger     Crane_1 is alive
INFO: 05/29/2019  10:25:06 AM Logger     Crane_2 is alive
INFO: 05/29/2019  10:25:06 AM Logger     Crane_3 is alive
INFO: 05/29/2019  10:25:06 AM Logger     Crane_4 is alive
INFO: 05/29/2019  10:25:08 AM Logger     PadThread is alive
INFO: 05/29/2019  10:25:08 AM Logger     Logger is alive
INFO: 05/29/2019  10:25:08 AM Logger     Crane_1 is alive
INFO: 05/29/2019  10:25:08 AM Logger     Crane_2 is alive
INFO: 05/29/2019  10:25:08 AM Logger     Crane_3 is alive
INFO: 05/29/2019  10:25:08 AM Logger     Crane_4 is alive
INFO: 05/29/2019  10:25:09 AM Logger     PadThread is alive
INFO: 05/29/2019  10:25:09 AM Logger     Logger is alive
INFO: 05/29/2019  10:25:09 AM Logger     Crane_1 is alive
INFO: 05/29/2019  10:25:09 AM Logger     Crane_2 is alive
INFO: 05/29/2019  10:25:09 AM Logger     Crane_3 is alive
INFO: 05/29/2019  10:25:09 AM Logger     Crane_4 is alive
INFO: 05/29/2019  10:25:11 AM Logger     PadThread is alive
INFO: 05/29/2019  10:25:11 AM Logger     Logger is alive
INFO: 05/29/2019  10:25:11 AM Logger     Crane_1 is alive
INFO: 05/29/2019  10:25:11 AM Logger     Crane_2 is alive
INFO: 05/29/2019  10:25:11 AM Logger     Crane_3 is alive
INFO: 05/29/2019  10:25:11 AM Logger     Crane_4 is alive
INFO: 05/29/2019  10:25:12 AM Logger     PadThread is alive
INFO: 05/29/2019  10:25:12 AM Logger     Logger is alive
INFO: 05/29/2019  10:25:12 AM Logger     Crane_1 is alive
INFO: 05/29/2019  10:25:12 AM Logger     Crane_2 is alive
INFO: 05/29/2019  10:25:12 AM Logger     Crane_3 is alive
INFO: 05/29/2019  10:25:12 AM Logger     Crane_4 is alive
INFO: 05/29/2019  10:25:14 AM Logger     PadThread is alive
INFO: 05/29/2019  10:25:14 AM Logger     Logger is alive
INFO: 05/29/2019  10:25:14 AM Logger     Crane_1 is alive
INFO: 05/29/2019  10:25:14 AM Logger     Crane_2 is alive
INFO: 05/29/2019  10:25:14 AM Logger     Crane_3 is alive
INFO: 05/29/2019  10:25:14 AM Logger     Crane_4 is alive
INFO: 05/29/2019  10:25:15 AM Logger     PadThread is alive
INFO: 05/29/2019  10:25:15 AM Logger     Logger is alive
INFO: 05/29/2019  10:25:15 AM Logger     Crane_1 is alive
INFO: 05/29/2019  10:25:15 AM Logger     Crane_2 is alive
INFO: 05/29/2019  10:25:15 AM Logger     Crane_3 is alive
INFO: 05/29/2019  10:25:15 AM Logger     Crane_4 is alive
INFO: 05/29/2019  10:25:17 AM Logger     PadThread is alive
INFO: 05/29/2019  10:25:17 AM Logger     Logger is alive
INFO: 05/29/2019  10:25:17 AM Logger     Crane_1 is alive
INFO: 05/29/2019  10:25:17 AM Logger     Crane_2 is alive
INFO: 05/29/2019  10:25:17 AM Logger     Crane_3 is alive
INFO: 05/29/2019  10:25:17 AM Logger     Crane_4 is alive
INFO: 05/29/2019  10:25:18 AM Logger     PadThread is alive
INFO: 05/29/2019  10:25:18 AM Logger     Logger is alive
INFO: 05/29/2019  10:25:18 AM Logger     Crane_1 is alive
INFO: 05/29/2019  10:25:18 AM Logger     Crane_2 is alive
INFO: 05/29/2019  10:25:18 AM Logger     Crane_3 is alive
INFO: 05/29/2019  10:25:18 AM Logger     Crane_4 is alive
INFO: 05/29/2019  10:25:20 AM Logger     PadThread is alive
INFO: 05/29/2019  10:25:20 AM Logger     Logger is alive
INFO: 05/29/2019  10:25:20 AM Logger     Crane_1 is alive
INFO: 05/29/2019  10:25:20 AM Logger     Crane_2 is alive
INFO: 05/29/2019  10:25:20 AM Logger     Crane_3 is alive
INFO: 05/29/2019  10:25:20 AM Logger     Crane_4 is alive
INFO: 05/29/2019  10:25:21 AM Logger     PadThread is alive
INFO: 05/29/2019  10:25:21 AM Logger     Logger is alive
INFO: 05/29/2019  10:25:21 AM Logger     Crane_1 is alive
INFO: 05/29/2019  10:25:21 AM Logger     Crane_2 is alive
INFO: 05/29/2019  10:25:21 AM Logger     Crane_3 is alive
INFO: 05/29/2019  10:25:21 AM Logger     Crane_4 is alive
INFO: 05/29/2019  10:25:23 AM Logger     PadThread is alive
INFO: 05/29/2019  10:25:23 AM Logger     Logger is alive
INFO: 05/29/2019  10:25:23 AM Logger     Crane_1 is alive
INFO: 05/29/2019  10:25:23 AM Logger     Crane_2 is alive
INFO: 05/29/2019  10:25:23 AM Logger     Crane_3 is alive
INFO: 05/29/2019  10:25:23 AM Logger     Crane_4 is alive
INFO: 05/29/2019  10:25:24 AM Logger     PadThread is alive
INFO: 05/29/2019  10:25:24 AM Logger     Logger is alive
INFO: 05/29/2019  10:25:24 AM Logger     Crane_1 is alive
INFO: 05/29/2019  10:25:24 AM Logger     Crane_2 is alive
INFO: 05/29/2019  10:25:24 AM Logger     Crane_3 is alive
INFO: 05/29/2019  10:25:24 AM Logger     Crane_4 is alive
INFO: 05/29/2019  10:25:26 AM Logger     PadThread is alive
INFO: 05/29/2019  10:25:26 AM Logger     Logger is alive
INFO: 05/29/2019  10:25:26 AM Logger     Crane_1 is alive
INFO: 05/29/2019  10:25:26 AM Logger     Crane_2 is alive
INFO: 05/29/2019  10:25:26 AM Logger     Crane_3 is alive
INFO: 05/29/2019  10:25:26 AM Logger     Crane_4 is alive
INFO: 05/29/2019  10:25:27 AM Logger     PadThread is alive
INFO: 05/29/2019  10:25:27 AM Logger     Logger is alive
INFO: 05/29/2019  10:25:27 AM Logger     Crane_1 is alive
INFO: 05/29/2019  10:25:27 AM Logger     Crane_2 is alive
INFO: 05/29/2019  10:25:27 AM Logger     Crane_3 is alive
INFO: 05/29/2019  10:25:27 AM Logger     Crane_4 is alive
INFO: 05/29/2019  10:25:29 AM Logger     PadThread is alive
INFO: 05/29/2019  10:25:29 AM Logger     Logger is alive
INFO: 05/29/2019  10:25:29 AM Logger     Crane_1 is alive
INFO: 05/29/2019  10:25:29 AM Logger     Crane_2 is alive
INFO: 05/29/2019  10:25:29 AM Logger     Crane_3 is alive
INFO: 05/29/2019  10:25:29 AM Logger     Crane_4 is alive
INFO: 05/29/2019  10:25:30 AM Logger     PadThread is alive
INFO: 05/29/2019  10:25:30 AM Logger     Logger is alive
INFO: 05/29/2019  10:25:30 AM Logger     Crane_1 is alive
INFO: 05/29/2019  10:25:30 AM Logger     Crane_2 is alive
INFO: 05/29/2019  10:25:30 AM Logger     Crane_3 is alive
INFO: 05/29/2019  10:25:30 AM Logger     Crane_4 is alive
INFO: 05/29/2019  10:25:32 AM Logger     PadThread is alive
INFO: 05/29/2019  10:25:32 AM Logger     Logger is alive
INFO: 05/29/2019  10:25:32 AM Logger     Crane_1 is alive
INFO: 05/29/2019  10:25:32 AM Logger     Crane_2 is alive
INFO: 05/29/2019  10:25:32 AM Logger     Crane_3 is alive
INFO: 05/29/2019  10:25:32 AM Logger     Crane_4 is alive
INFO: 05/29/2019  10:25:33 AM Logger     PadThread is alive
INFO: 05/29/2019  10:25:33 AM Logger     Logger is alive
INFO: 05/29/2019  10:25:33 AM Logger     Crane_1 is alive
INFO: 05/29/2019  10:25:33 AM Logger     Crane_2 is alive
INFO: 05/29/2019  10:25:33 AM Logger     Crane_3 is alive
INFO: 05/29/2019  10:25:33 AM Logger     Crane_4 is alive
INFO: 05/29/2019  10:25:35 AM Logger     PadThread is alive
INFO: 05/29/2019  10:25:35 AM Logger     Logger is alive
INFO: 05/29/2019  10:25:35 AM Logger     Crane_1 is alive
INFO: 05/29/2019  10:25:35 AM Logger     Crane_2 is alive
INFO: 05/29/2019  10:25:35 AM Logger     Crane_3 is alive
INFO: 05/29/2019  10:25:35 AM Logger     Crane_4 is alive
INFO: 05/29/2019  10:25:36 AM Logger     PadThread is alive
INFO: 05/29/2019  10:25:36 AM Logger     Logger is alive
INFO: 05/29/2019  10:25:36 AM Logger     Crane_1 is alive
INFO: 05/29/2019  10:25:36 AM Logger     Crane_2 is alive
INFO: 05/29/2019  10:25:36 AM Logger     Crane_3 is alive
INFO: 05/29/2019  10:25:36 AM Logger     Crane_4 is alive
INFO: 05/29/2019  10:25:38 AM Logger     PadThread is alive
INFO: 05/29/2019  10:25:38 AM Logger     Logger is alive
INFO: 05/29/2019  10:25:38 AM Logger     Crane_1 is alive
INFO: 05/29/2019  10:25:38 AM Logger     Crane_2 is alive
INFO: 05/29/2019  10:25:38 AM Logger     Crane_3 is alive
INFO: 05/29/2019  10:25:38 AM Logger     Crane_4 is alive
INFO: 05/29/2019  10:25:39 AM Logger     PadThread is alive
INFO: 05/29/2019  10:25:39 AM Logger     Logger is alive
INFO: 05/29/2019  10:25:39 AM Logger     Crane_1 is alive
INFO: 05/29/2019  10:25:39 AM Logger     Crane_2 is alive
INFO: 05/29/2019  10:25:39 AM Logger     Crane_3 is alive
INFO: 05/29/2019  10:25:39 AM Logger     Crane_4 is alive
INFO: 05/29/2019  10:25:41 AM Logger     PadThread is alive
INFO: 05/29/2019  10:25:41 AM Logger     Logger is alive
INFO: 05/29/2019  10:25:41 AM Logger     Crane_1 is alive
INFO: 05/29/2019  10:25:41 AM Logger     Crane_2 is alive
INFO: 05/29/2019  10:25:41 AM Logger     Crane_3 is alive
INFO: 05/29/2019  10:25:41 AM Logger     Crane_4 is alive
INFO: 05/29/2019  10:25:42 AM Logger     PadThread is alive
INFO: 05/29/2019  10:25:42 AM Logger     Logger is alive
INFO: 05/29/2019  10:25:42 AM Logger     Crane_1 is alive
INFO: 05/29/2019  10:25:42 AM Logger     Crane_2 is alive
INFO: 05/29/2019  10:25:42 AM Logger     Crane_3 is alive
INFO: 05/29/2019  10:25:42 AM Logger     Crane_4 is alive
INFO: 05/29/2019  10:25:44 AM Logger     PadThread is alive
INFO: 05/29/2019  10:25:44 AM Logger     Logger is alive
INFO: 05/29/2019  10:25:44 AM Logger     Crane_1 is alive
INFO: 05/29/2019  10:25:44 AM Logger     Crane_2 is alive
INFO: 05/29/2019  10:25:44 AM Logger     Crane_3 is alive
INFO: 05/29/2019  10:25:44 AM Logger     Crane_4 is alive
INFO: 05/29/2019  10:25:46 AM Logger     PadThread is alive
INFO: 05/29/2019  10:25:46 AM Logger     Logger is alive
INFO: 05/29/2019  10:25:46 AM Logger     Crane_1 is alive
INFO: 05/29/2019  10:25:46 AM Logger     Crane_2 is alive
INFO: 05/29/2019  10:25:46 AM Logger     Crane_3 is alive
INFO: 05/29/2019  10:25:46 AM Logger     Crane_4 is alive
INFO: 05/29/2019  10:25:47 AM Logger     PadThread is alive
INFO: 05/29/2019  10:25:47 AM Logger     Logger is alive
INFO: 05/29/2019  10:25:47 AM Logger     Crane_1 is alive
INFO: 05/29/2019  10:25:47 AM Logger     Crane_2 is alive
INFO: 05/29/2019  10:25:47 AM Logger     Crane_3 is alive
INFO: 05/29/2019  10:25:47 AM Logger     Crane_4 is alive
INFO: 05/29/2019  10:25:49 AM Logger     PadThread is alive
INFO: 05/29/2019  10:25:49 AM Logger     Logger is alive
INFO: 05/29/2019  10:25:49 AM Logger     Crane_1 is alive
INFO: 05/29/2019  10:25:49 AM Logger     Crane_2 is alive
INFO: 05/29/2019  10:25:49 AM Logger     Crane_3 is alive
INFO: 05/29/2019  10:25:49 AM Logger     Crane_4 is alive
INFO: 05/29/2019  10:25:50 AM Logger     PadThread is alive
INFO: 05/29/2019  10:25:50 AM Logger     Logger is alive
INFO: 05/29/2019  10:25:50 AM Logger     Crane_1 is alive
INFO: 05/29/2019  10:25:50 AM Logger     Crane_2 is alive
INFO: 05/29/2019  10:25:50 AM Logger     Crane_3 is alive
INFO: 05/29/2019  10:25:50 AM Logger     Crane_4 is alive
INFO: 05/29/2019  10:25:52 AM Logger     PadThread is alive
INFO: 05/29/2019  10:25:52 AM Logger     Logger is alive
INFO: 05/29/2019  10:25:52 AM Logger     Crane_1 is alive
INFO: 05/29/2019  10:25:52 AM Logger     Crane_2 is alive
INFO: 05/29/2019  10:25:52 AM Logger     Crane_3 is alive
INFO: 05/29/2019  10:25:52 AM Logger     Crane_4 is alive
INFO: 05/29/2019  10:25:53 AM Logger     PadThread is alive
INFO: 05/29/2019  10:25:53 AM Logger     Logger is alive
INFO: 05/29/2019  10:25:53 AM Logger     Crane_1 is alive
INFO: 05/29/2019  10:25:53 AM Logger     Crane_2 is alive
INFO: 05/29/2019  10:25:53 AM Logger     Crane_3 is alive
INFO: 05/29/2019  10:25:53 AM Logger     Crane_4 is alive
INFO: 05/29/2019  10:25:55 AM Logger     PadThread is alive
INFO: 05/29/2019  10:25:55 AM Logger     Logger is alive
INFO: 05/29/2019  10:25:55 AM Logger     Crane_1 is alive
INFO: 05/29/2019  10:25:55 AM Logger     Crane_2 is alive
INFO: 05/29/2019  10:25:55 AM Logger     Crane_3 is alive
INFO: 05/29/2019  10:25:55 AM Logger     Crane_4 is alive
INFO: 05/29/2019  10:25:56 AM Logger     PadThread is alive
INFO: 05/29/2019  10:25:56 AM Logger     Logger is alive
INFO: 05/29/2019  10:25:56 AM Logger     Crane_1 is alive
INFO: 05/29/2019  10:25:56 AM Logger     Crane_2 is alive
INFO: 05/29/2019  10:25:56 AM Logger     Crane_3 is alive
INFO: 05/29/2019  10:25:56 AM Logger     Crane_4 is alive
INFO: 05/29/2019  10:25:58 AM Logger     PadThread is alive
INFO: 05/29/2019  10:25:58 AM Logger     Logger is alive
INFO: 05/29/2019  10:25:58 AM Logger     Crane_1 is alive
INFO: 05/29/2019  10:25:58 AM Logger     Crane_2 is alive
INFO: 05/29/2019  10:25:58 AM Logger     Crane_3 is alive
INFO: 05/29/2019  10:25:58 AM Logger     Crane_4 is alive
INFO: 05/29/2019  10:25:59 AM Logger     PadThread is alive
INFO: 05/29/2019  10:25:59 AM Logger     Logger is alive
INFO: 05/29/2019  10:25:59 AM Logger     Crane_1 is alive
INFO: 05/29/2019  10:25:59 AM Logger     Crane_2 is alive
INFO: 05/29/2019  10:25:59 AM Logger     Crane_3 is alive
INFO: 05/29/2019  10:25:59 AM Logger     Crane_4 is alive
INFO: 05/29/2019  10:26:01 AM Logger     PadThread is alive
INFO: 05/29/2019  10:26:01 AM Logger     Logger is alive
INFO: 05/29/2019  10:26:01 AM Logger     Crane_1 is alive
INFO: 05/29/2019  10:26:01 AM Logger     Crane_2 is alive
INFO: 05/29/2019  10:26:01 AM Logger     Crane_3 is alive
INFO: 05/29/2019  10:26:01 AM Logger     Crane_4 is alive
INFO: 05/29/2019  10:26:02 AM Logger     PadThread is alive
INFO: 05/29/2019  10:26:02 AM Logger     Logger is alive
INFO: 05/29/2019  10:26:02 AM Logger     Crane_1 is alive
INFO: 05/29/2019  10:26:02 AM Logger     Crane_2 is alive
INFO: 05/29/2019  10:26:02 AM Logger     Crane_3 is alive
INFO: 05/29/2019  10:26:02 AM Logger     Crane_4 is alive
INFO: 05/29/2019  10:26:04 AM Logger     PadThread is alive
INFO: 05/29/2019  10:26:04 AM Logger     Logger is alive
INFO: 05/29/2019  10:26:04 AM Logger     Crane_1 is alive
INFO: 05/29/2019  10:26:04 AM Logger     Crane_2 is alive
INFO: 05/29/2019  10:26:04 AM Logger     Crane_3 is alive
INFO: 05/29/2019  10:26:04 AM Logger     Crane_4 is alive
INFO: 05/29/2019  10:26:05 AM Logger     PadThread is alive
INFO: 05/29/2019  10:26:05 AM Logger     Logger is alive
INFO: 05/29/2019  10:26:05 AM Logger     Crane_1 is alive
INFO: 05/29/2019  10:26:05 AM Logger     Crane_2 is alive
INFO: 05/29/2019  10:26:05 AM Logger     Crane_3 is alive
INFO: 05/29/2019  10:26:05 AM Logger     Crane_4 is alive
INFO: 05/29/2019  10:26:07 AM Logger     PadThread is alive
INFO: 05/29/2019  10:26:07 AM Logger     Logger is alive
INFO: 05/29/2019  10:26:07 AM Logger     Crane_1 is alive
INFO: 05/29/2019  10:26:07 AM Logger     Crane_2 is alive
INFO: 05/29/2019  10:26:07 AM Logger     Crane_3 is alive
INFO: 05/29/2019  10:26:07 AM Logger     Crane_4 is alive
INFO: 05/29/2019  10:26:08 AM Logger     PadThread is alive
INFO: 05/29/2019  10:26:08 AM Logger     Logger is alive
INFO: 05/29/2019  10:26:08 AM Logger     Crane_1 is alive
INFO: 05/29/2019  10:26:08 AM Logger     Crane_2 is alive
INFO: 05/29/2019  10:26:08 AM Logger     Crane_3 is alive
INFO: 05/29/2019  10:26:08 AM Logger     Crane_4 is alive
INFO: 05/29/2019  10:26:10 AM Logger     PadThread is alive
INFO: 05/29/2019  10:26:10 AM Logger     Logger is alive
INFO: 05/29/2019  10:26:10 AM Logger     Crane_1 is alive
INFO: 05/29/2019  10:26:10 AM Logger     Crane_2 is alive
INFO: 05/29/2019  10:26:10 AM Logger     Crane_3 is alive
INFO: 05/29/2019  10:26:10 AM Logger     Crane_4 is alive
INFO: 05/29/2019  10:26:11 AM Logger     PadThread is alive
INFO: 05/29/2019  10:26:11 AM Logger     Logger is alive
INFO: 05/29/2019  10:26:11 AM Logger     Crane_1 is alive
INFO: 05/29/2019  10:26:11 AM Logger     Crane_2 is alive
INFO: 05/29/2019  10:26:11 AM Logger     Crane_3 is alive
INFO: 05/29/2019  10:26:11 AM Logger     Crane_4 is alive
INFO: 05/29/2019  10:26:13 AM Logger     PadThread is alive
INFO: 05/29/2019  10:26:13 AM Logger     Logger is alive
INFO: 05/29/2019  10:26:13 AM Logger     Crane_1 is alive
INFO: 05/29/2019  10:26:13 AM Logger     Crane_2 is alive
INFO: 05/29/2019  10:26:13 AM Logger     Crane_3 is alive
INFO: 05/29/2019  10:26:13 AM Logger     Crane_4 is alive
INFO: 05/29/2019  10:26:14 AM Logger     PadThread is alive
INFO: 05/29/2019  10:26:14 AM Logger     Logger is alive
INFO: 05/29/2019  10:26:14 AM Logger     Crane_1 is alive
INFO: 05/29/2019  10:26:14 AM Logger     Crane_2 is alive
INFO: 05/29/2019  10:26:14 AM Logger     Crane_3 is alive
INFO: 05/29/2019  10:26:14 AM Logger     Crane_4 is alive
INFO: 05/29/2019  10:26:16 AM Logger     PadThread is alive
INFO: 05/29/2019  10:26:16 AM Logger     Logger is alive
INFO: 05/29/2019  10:26:16 AM Logger     Crane_1 is alive
INFO: 05/29/2019  10:26:16 AM Logger     Crane_2 is alive
INFO: 05/29/2019  10:26:16 AM Logger     Crane_3 is alive
INFO: 05/29/2019  10:26:16 AM Logger     Crane_4 is alive
INFO: 05/29/2019  10:26:17 AM Logger     PadThread is alive
INFO: 05/29/2019  10:26:17 AM Logger     Logger is alive
INFO: 05/29/2019  10:26:17 AM Logger     Crane_1 is alive
INFO: 05/29/2019  10:26:17 AM Logger     Crane_2 is alive
INFO: 05/29/2019  10:26:17 AM Logger     Crane_3 is alive
INFO: 05/29/2019  10:26:17 AM Logger     Crane_4 is alive
INFO: 05/29/2019  10:26:19 AM Logger     PadThread is alive
INFO: 05/29/2019  10:26:19 AM Logger     Logger is alive
INFO: 05/29/2019  10:26:19 AM Logger     Crane_1 is alive
INFO: 05/29/2019  10:26:19 AM Logger     Crane_2 is alive
INFO: 05/29/2019  10:26:19 AM Logger     Crane_3 is alive
INFO: 05/29/2019  10:26:19 AM Logger     Crane_4 is alive
INFO: 05/29/2019  10:26:20 AM Logger     PadThread is alive
INFO: 05/29/2019  10:26:20 AM Logger     Logger is alive
INFO: 05/29/2019  10:26:20 AM Logger     Crane_1 is alive
INFO: 05/29/2019  10:26:20 AM Logger     Crane_2 is alive
INFO: 05/29/2019  10:26:20 AM Logger     Crane_3 is alive
INFO: 05/29/2019  10:26:20 AM Logger     Crane_4 is alive
INFO: 05/29/2019  10:26:22 AM Logger     PadThread is alive
INFO: 05/29/2019  10:26:22 AM Logger     Logger is alive
INFO: 05/29/2019  10:26:22 AM Logger     Crane_1 is alive
INFO: 05/29/2019  10:26:22 AM Logger     Crane_2 is alive
INFO: 05/29/2019  10:26:22 AM Logger     Crane_3 is alive
INFO: 05/29/2019  10:26:22 AM Logger     Crane_4 is alive
INFO: 05/29/2019  10:26:23 AM Logger     PadThread is alive
INFO: 05/29/2019  10:26:23 AM Logger     Logger is alive
INFO: 05/29/2019  10:26:23 AM Logger     Crane_1 is alive
INFO: 05/29/2019  10:26:23 AM Logger     Crane_2 is alive
INFO: 05/29/2019  10:26:23 AM Logger     Crane_3 is alive
INFO: 05/29/2019  10:26:23 AM Logger     Crane_4 is alive
INFO: 05/29/2019  10:26:25 AM Logger     PadThread is alive
INFO: 05/29/2019  10:26:25 AM Logger     Logger is alive
INFO: 05/29/2019  10:26:25 AM Logger     Crane_1 is alive
INFO: 05/29/2019  10:26:25 AM Logger     Crane_2 is alive
INFO: 05/29/2019  10:26:25 AM Logger     Crane_3 is alive
INFO: 05/29/2019  10:26:25 AM Logger     Crane_4 is alive
INFO: 05/29/2019  10:26:26 AM Logger     PadThread is alive
INFO: 05/29/2019  10:26:26 AM Logger     Logger is alive
INFO: 05/29/2019  10:26:26 AM Logger     Crane_1 is alive
INFO: 05/29/2019  10:26:26 AM Logger     Crane_2 is alive
INFO: 05/29/2019  10:26:26 AM Logger     Crane_3 is alive
INFO: 05/29/2019  10:26:26 AM Logger     Crane_4 is alive
INFO: 05/29/2019  10:26:28 AM Logger     PadThread is alive
INFO: 05/29/2019  10:26:28 AM Logger     Logger is alive
INFO: 05/29/2019  10:26:28 AM Logger     Crane_1 is alive
INFO: 05/29/2019  10:26:28 AM Logger     Crane_2 is alive
INFO: 05/29/2019  10:26:28 AM Logger     Crane_3 is alive
INFO: 05/29/2019  10:26:28 AM Logger     Crane_4 is alive
INFO: 05/29/2019  10:26:29 AM Logger     PadThread is alive
INFO: 05/29/2019  10:26:29 AM Logger     Logger is alive
INFO: 05/29/2019  10:26:29 AM Logger     Crane_1 is alive
INFO: 05/29/2019  10:26:29 AM Logger     Crane_2 is alive
INFO: 05/29/2019  10:26:29 AM Logger     Crane_3 is alive
INFO: 05/29/2019  10:26:29 AM Logger     Crane_4 is alive
INFO: 05/29/2019  10:26:31 AM Logger     PadThread is alive
INFO: 05/29/2019  10:26:31 AM Logger     Logger is alive
INFO: 05/29/2019  10:26:31 AM Logger     Crane_1 is alive
INFO: 05/29/2019  10:26:31 AM Logger     Crane_2 is alive
INFO: 05/29/2019  10:26:31 AM Logger     Crane_3 is alive
INFO: 05/29/2019  10:26:31 AM Logger     Crane_4 is alive
INFO: 05/29/2019  10:26:32 AM Logger     PadThread is alive
INFO: 05/29/2019  10:26:32 AM Logger     Logger is alive
INFO: 05/29/2019  10:26:32 AM Logger     Crane_1 is alive
INFO: 05/29/2019  10:26:32 AM Logger     Crane_2 is alive
INFO: 05/29/2019  10:26:32 AM Logger     Crane_3 is alive
INFO: 05/29/2019  10:26:32 AM Logger     Crane_4 is alive
INFO: 05/29/2019  10:26:34 AM Logger     PadThread is alive
INFO: 05/29/2019  10:26:34 AM Logger     Logger is alive
INFO: 05/29/2019  10:26:34 AM Logger     Crane_1 is alive
INFO: 05/29/2019  10:26:34 AM Logger     Crane_2 is alive
INFO: 05/29/2019  10:26:34 AM Logger     Crane_3 is alive
INFO: 05/29/2019  10:26:34 AM Logger     Crane_4 is alive
INFO: 05/29/2019  10:26:35 AM Logger     PadThread is alive
INFO: 05/29/2019  10:26:35 AM Logger     Logger is alive
INFO: 05/29/2019  10:26:35 AM Logger     Crane_1 is alive
INFO: 05/29/2019  10:26:35 AM Logger     Crane_2 is alive
INFO: 05/29/2019  10:26:35 AM Logger     Crane_3 is alive
INFO: 05/29/2019  10:26:35 AM Logger     Crane_4 is alive
INFO: 05/29/2019  10:26:37 AM Logger     PadThread is alive
INFO: 05/29/2019  10:26:37 AM Logger     Logger is alive
INFO: 05/29/2019  10:26:37 AM Logger     Crane_1 is alive
INFO: 05/29/2019  10:26:37 AM Logger     Crane_2 is alive
INFO: 05/29/2019  10:26:37 AM Logger     Crane_3 is alive
INFO: 05/29/2019  10:26:37 AM Logger     Crane_4 is alive
INFO: 05/29/2019  10:26:38 AM Logger     PadThread is alive
INFO: 05/29/2019  10:26:38 AM Logger     Logger is alive
INFO: 05/29/2019  10:26:38 AM Logger     Crane_1 is alive
INFO: 05/29/2019  10:26:38 AM Logger     Crane_2 is alive
INFO: 05/29/2019  10:26:38 AM Logger     Crane_3 is alive
INFO: 05/29/2019  10:26:38 AM Logger     Crane_4 is alive
INFO: 05/29/2019  10:26:40 AM Logger     PadThread is alive
INFO: 05/29/2019  10:26:40 AM Logger     Logger is alive
INFO: 05/29/2019  10:26:40 AM Logger     Crane_1 is alive
INFO: 05/29/2019  10:26:40 AM Logger     Crane_2 is alive
INFO: 05/29/2019  10:26:40 AM Logger     Crane_3 is alive
INFO: 05/29/2019  10:26:40 AM Logger     Crane_4 is alive
INFO: 05/29/2019  10:26:41 AM Logger     PadThread is alive
INFO: 05/29/2019  10:26:41 AM Logger     Logger is alive
INFO: 05/29/2019  10:26:41 AM Logger     Crane_1 is alive
INFO: 05/29/2019  10:26:41 AM Logger     Crane_2 is alive
INFO: 05/29/2019  10:26:41 AM Logger     Crane_3 is alive
INFO: 05/29/2019  10:26:41 AM Logger     Crane_4 is alive
INFO: 05/29/2019  10:26:43 AM Logger     PadThread is alive
INFO: 05/29/2019  10:26:43 AM Logger     Logger is alive
INFO: 05/29/2019  10:26:43 AM Logger     Crane_1 is alive
INFO: 05/29/2019  10:26:43 AM Logger     Crane_2 is alive
INFO: 05/29/2019  10:26:43 AM Logger     Crane_3 is alive
INFO: 05/29/2019  10:26:43 AM Logger     Crane_4 is alive
INFO: 05/29/2019  10:26:44 AM Logger     PadThread is alive
INFO: 05/29/2019  10:26:44 AM Logger     Logger is alive
INFO: 05/29/2019  10:26:44 AM Logger     Crane_1 is alive
INFO: 05/29/2019  10:26:44 AM Logger     Crane_2 is alive
INFO: 05/29/2019  10:26:44 AM Logger     Crane_3 is alive
INFO: 05/29/2019  10:26:44 AM Logger     Crane_4 is alive
INFO: 05/29/2019  10:26:46 AM Logger     PadThread is alive
INFO: 05/29/2019  10:26:46 AM Logger     Logger is alive
INFO: 05/29/2019  10:26:46 AM Logger     Crane_1 is alive
INFO: 05/29/2019  10:26:46 AM Logger     Crane_2 is alive
INFO: 05/29/2019  10:26:46 AM Logger     Crane_3 is alive
INFO: 05/29/2019  10:26:46 AM Logger     Crane_4 is alive
INFO: 05/29/2019  10:26:47 AM Logger     PadThread is alive
INFO: 05/29/2019  10:26:47 AM Logger     Logger is alive
INFO: 05/29/2019  10:26:47 AM Logger     Crane_1 is alive
INFO: 05/29/2019  10:26:47 AM Logger     Crane_2 is alive
INFO: 05/29/2019  10:26:47 AM Logger     Crane_3 is alive
INFO: 05/29/2019  10:26:47 AM Logger     Crane_4 is alive
INFO: 05/29/2019  10:26:49 AM Logger     PadThread is alive
INFO: 05/29/2019  10:26:49 AM Logger     Logger is alive
INFO: 05/29/2019  10:26:49 AM Logger     Crane_1 is alive
INFO: 05/29/2019  10:26:49 AM Logger     Crane_2 is alive
INFO: 05/29/2019  10:26:49 AM Logger     Crane_3 is alive
INFO: 05/29/2019  10:26:49 AM Logger     Crane_4 is alive
INFO: 05/29/2019  10:26:50 AM Logger     PadThread is alive
INFO: 05/29/2019  10:26:50 AM Logger     Logger is alive
INFO: 05/29/2019  10:26:50 AM Logger     Crane_1 is alive
INFO: 05/29/2019  10:26:50 AM Logger     Crane_2 is alive
INFO: 05/29/2019  10:26:50 AM Logger     Crane_3 is alive
INFO: 05/29/2019  10:26:50 AM Logger     Crane_4 is alive
INFO: 05/29/2019  10:26:52 AM Logger     PadThread is alive
INFO: 05/29/2019  10:26:52 AM Logger     Logger is alive
INFO: 05/29/2019  10:26:52 AM Logger     Crane_1 is alive
INFO: 05/29/2019  10:26:52 AM Logger     Crane_2 is alive
INFO: 05/29/2019  10:26:52 AM Logger     Crane_3 is alive
INFO: 05/29/2019  10:26:52 AM Logger     Crane_4 is alive
INFO: 05/29/2019  10:26:53 AM Logger     PadThread is alive
INFO: 05/29/2019  10:26:53 AM Logger     Logger is alive
INFO: 05/29/2019  10:26:53 AM Logger     Crane_1 is alive
INFO: 05/29/2019  10:26:53 AM Logger     Crane_2 is alive
INFO: 05/29/2019  10:26:53 AM Logger     Crane_3 is alive
INFO: 05/29/2019  10:26:53 AM Logger     Crane_4 is alive
INFO: 05/29/2019  10:26:55 AM Logger     PadThread is alive
INFO: 05/29/2019  10:26:55 AM Logger     Logger is alive
INFO: 05/29/2019  10:26:55 AM Logger     Crane_1 is alive
INFO: 05/29/2019  10:26:55 AM Logger     Crane_2 is alive
INFO: 05/29/2019  10:26:55 AM Logger     Crane_3 is alive
INFO: 05/29/2019  10:26:55 AM Logger     Crane_4 is alive
INFO: 05/29/2019  10:26:56 AM Logger     PadThread is alive
INFO: 05/29/2019  10:26:56 AM Logger     Logger is alive
INFO: 05/29/2019  10:26:56 AM Logger     Crane_1 is alive
INFO: 05/29/2019  10:26:56 AM Logger     Crane_2 is alive
INFO: 05/29/2019  10:26:56 AM Logger     Crane_3 is alive
INFO: 05/29/2019  10:26:56 AM Logger     Crane_4 is alive
INFO: 05/29/2019  10:26:58 AM Logger     PadThread is alive
INFO: 05/29/2019  10:26:58 AM Logger     Logger is alive
INFO: 05/29/2019  10:26:58 AM Logger     Crane_1 is alive
INFO: 05/29/2019  10:26:58 AM Logger     Crane_2 is alive
INFO: 05/29/2019  10:26:58 AM Logger     Crane_3 is alive
INFO: 05/29/2019  10:26:58 AM Logger     Crane_4 is alive
INFO: 05/29/2019  10:26:59 AM Logger     PadThread is alive
INFO: 05/29/2019  10:26:59 AM Logger     Logger is alive
INFO: 05/29/2019  10:26:59 AM Logger     Crane_1 is alive
INFO: 05/29/2019  10:26:59 AM Logger     Crane_2 is alive
INFO: 05/29/2019  10:26:59 AM Logger     Crane_3 is alive
INFO: 05/29/2019  10:26:59 AM Logger     Crane_4 is alive
INFO: 05/29/2019  10:27:01 AM Logger     PadThread is alive
INFO: 05/29/2019  10:27:01 AM Logger     Logger is alive
INFO: 05/29/2019  10:27:01 AM Logger     Crane_1 is alive
INFO: 05/29/2019  10:27:01 AM Logger     Crane_2 is alive
INFO: 05/29/2019  10:27:01 AM Logger     Crane_3 is alive
INFO: 05/29/2019  10:27:01 AM Logger     Crane_4 is alive
INFO: 05/29/2019  10:27:02 AM Logger     PadThread is alive
INFO: 05/29/2019  10:27:02 AM Logger     Logger is alive
INFO: 05/29/2019  10:27:02 AM Logger     Crane_1 is alive
INFO: 05/29/2019  10:27:02 AM Logger     Crane_2 is alive
INFO: 05/29/2019  10:27:02 AM Logger     Crane_3 is alive
INFO: 05/29/2019  10:27:02 AM Logger     Crane_4 is alive
INFO: 05/29/2019  10:27:04 AM Logger     PadThread is alive
INFO: 05/29/2019  10:27:04 AM Logger     Logger is alive
INFO: 05/29/2019  10:27:04 AM Logger     Crane_1 is alive
INFO: 05/29/2019  10:27:04 AM Logger     Crane_2 is alive
INFO: 05/29/2019  10:27:04 AM Logger     Crane_3 is alive
INFO: 05/29/2019  10:27:04 AM Logger     Crane_4 is alive
INFO: 05/29/2019  10:27:05 AM Logger     PadThread is alive
INFO: 05/29/2019  10:27:05 AM Logger     Logger is alive
INFO: 05/29/2019  10:27:05 AM Logger     Crane_1 is alive
INFO: 05/29/2019  10:27:05 AM Logger     Crane_2 is alive
INFO: 05/29/2019  10:27:05 AM Logger     Crane_3 is alive
INFO: 05/29/2019  10:27:05 AM Logger     Crane_4 is alive
INFO: 05/29/2019  10:27:07 AM Logger     PadThread is alive
INFO: 05/29/2019  10:27:07 AM Logger     Logger is alive
INFO: 05/29/2019  10:27:07 AM Logger     Crane_1 is alive
INFO: 05/29/2019  10:27:07 AM Logger     Crane_2 is alive
INFO: 05/29/2019  10:27:07 AM Logger     Crane_3 is alive
INFO: 05/29/2019  10:27:07 AM Logger     Crane_4 is alive
INFO: 05/29/2019  10:27:08 AM Logger     PadThread is alive
INFO: 05/29/2019  10:27:08 AM Logger     Logger is alive
INFO: 05/29/2019  10:27:08 AM Logger     Crane_1 is alive
INFO: 05/29/2019  10:27:08 AM Logger     Crane_2 is alive
INFO: 05/29/2019  10:27:08 AM Logger     Crane_3 is alive
INFO: 05/29/2019  10:27:08 AM Logger     Crane_4 is alive
INFO: 05/29/2019  10:27:10 AM Logger     PadThread is alive
INFO: 05/29/2019  10:27:10 AM Logger     Logger is alive
INFO: 05/29/2019  10:27:10 AM Logger     Crane_1 is alive
INFO: 05/29/2019  10:27:10 AM Logger     Crane_2 is alive
INFO: 05/29/2019  10:27:10 AM Logger     Crane_3 is alive
INFO: 05/29/2019  10:27:10 AM Logger     Crane_4 is alive
INFO: 05/29/2019  10:27:11 AM Logger     PadThread is alive
INFO: 05/29/2019  10:27:11 AM Logger     Logger is alive
INFO: 05/29/2019  10:27:11 AM Logger     Crane_1 is alive
INFO: 05/29/2019  10:27:11 AM Logger     Crane_2 is alive
INFO: 05/29/2019  10:27:11 AM Logger     Crane_3 is alive
INFO: 05/29/2019  10:27:11 AM Logger     Crane_4 is alive
INFO: 05/29/2019  10:27:13 AM Logger     PadThread is alive
INFO: 05/29/2019  10:27:13 AM Logger     Logger is alive
INFO: 05/29/2019  10:27:13 AM Logger     Crane_1 is alive
INFO: 05/29/2019  10:27:13 AM Logger     Crane_2 is alive
INFO: 05/29/2019  10:27:13 AM Logger     Crane_3 is alive
INFO: 05/29/2019  10:27:13 AM Logger     Crane_4 is alive
INFO: 05/29/2019  10:27:14 AM Logger     PadThread is alive
INFO: 05/29/2019  10:27:14 AM Logger     Logger is alive
INFO: 05/29/2019  10:27:14 AM Logger     Crane_1 is alive
INFO: 05/29/2019  10:27:14 AM Logger     Crane_2 is alive
INFO: 05/29/2019  10:27:14 AM Logger     Crane_3 is alive
INFO: 05/29/2019  10:27:14 AM Logger     Crane_4 is alive
INFO: 05/29/2019  10:27:16 AM Logger     PadThread is alive
INFO: 05/29/2019  10:27:16 AM Logger     Logger is alive
INFO: 05/29/2019  10:27:16 AM Logger     Crane_1 is alive
INFO: 05/29/2019  10:27:16 AM Logger     Crane_2 is alive
INFO: 05/29/2019  10:27:16 AM Logger     Crane_3 is alive
INFO: 05/29/2019  10:27:16 AM Logger     Crane_4 is alive
INFO: 05/29/2019  10:27:17 AM Logger     PadThread is alive
INFO: 05/29/2019  10:27:17 AM Logger     Logger is alive
INFO: 05/29/2019  10:27:17 AM Logger     Crane_1 is alive
INFO: 05/29/2019  10:27:17 AM Logger     Crane_2 is alive
INFO: 05/29/2019  10:27:17 AM Logger     Crane_3 is alive
INFO: 05/29/2019  10:27:17 AM Logger     Crane_4 is alive
INFO: 05/29/2019  10:27:19 AM Logger     PadThread is alive
INFO: 05/29/2019  10:27:19 AM Logger     Logger is alive
INFO: 05/29/2019  10:27:19 AM Logger     Crane_1 is alive
INFO: 05/29/2019  10:27:19 AM Logger     Crane_2 is alive
INFO: 05/29/2019  10:27:19 AM Logger     Crane_3 is alive
INFO: 05/29/2019  10:27:19 AM Logger     Crane_4 is alive
INFO: 05/29/2019  10:27:20 AM Logger     PadThread is alive
INFO: 05/29/2019  10:27:20 AM Logger     Logger is alive
INFO: 05/29/2019  10:27:20 AM Logger     Crane_1 is alive
INFO: 05/29/2019  10:27:20 AM Logger     Crane_2 is alive
INFO: 05/29/2019  10:27:20 AM Logger     Crane_3 is alive
INFO: 05/29/2019  10:27:20 AM Logger     Crane_4 is alive
