INFO: 05/29/2019  06:56:24 PM PadThread  Starting
INFO: 05/29/2019  06:56:24 PM DataExchangeThread  Starting
INFO: 05/29/2019  06:56:25 PM Logger      Starting
INFO: 05/29/2019  06:56:25 PM MainThread Crane_1 has been created
INFO: 05/29/2019  06:56:25 PM Logger     PadThread is alive
INFO: 05/29/2019  06:56:25 PM Logger     Logger is alive
INFO: 05/29/2019  06:56:25 PM Logger     Crane_1 is alive
INFO: 05/29/2019  06:56:26 PM Crane_1    Starting
INFO: 05/29/2019  06:56:26 PM MainThread Crane_2 has been created
INFO: 05/29/2019  06:56:26 PM Crane_2    Starting
INFO: 05/29/2019  06:56:26 PM MainThread Crane_3 has been created
INFO: 05/29/2019  06:56:26 PM Crane_3    Starting
INFO: 05/29/2019  06:56:26 PM MainThread Crane_4 has been created
INFO: 05/29/2019  06:56:26 PM Crane_4    Starting
INFO: 05/29/2019  06:56:26 PM MainThread Socket successfully bound to localhost
INFO: 05/29/2019  06:56:27 PM Logger     PadThread is alive
INFO: 05/29/2019  06:56:27 PM Logger     Logger is alive
INFO: 05/29/2019  06:56:27 PM Logger     Crane_1 is alive
INFO: 05/29/2019  06:56:27 PM Logger     Crane_2 is alive
INFO: 05/29/2019  06:56:27 PM Logger     Crane_3 is alive
INFO: 05/29/2019  06:56:27 PM Logger     Crane_4 is alive
INFO: 05/29/2019  06:56:29 PM Logger     PadThread is alive
INFO: 05/29/2019  06:56:29 PM Logger     Logger is alive
INFO: 05/29/2019  06:56:29 PM Logger     Crane_1 is alive
INFO: 05/29/2019  06:56:29 PM Logger     Crane_2 is alive
INFO: 05/29/2019  06:56:29 PM Logger     Crane_3 is alive
INFO: 05/29/2019  06:56:29 PM Logger     Crane_4 is alive
INFO: 05/29/2019  06:56:30 PM Logger     PadThread is alive
INFO: 05/29/2019  06:56:30 PM Logger     Logger is alive
INFO: 05/29/2019  06:56:30 PM Logger     Crane_1 is alive
INFO: 05/29/2019  06:56:30 PM Logger     Crane_2 is alive
INFO: 05/29/2019  06:56:30 PM Logger     Crane_3 is alive
INFO: 05/29/2019  06:56:30 PM Logger     Crane_4 is alive
INFO: 05/29/2019  06:56:32 PM Logger     PadThread is alive
INFO: 05/29/2019  06:56:32 PM Logger     Logger is alive
INFO: 05/29/2019  06:56:32 PM Logger     Crane_1 is alive
INFO: 05/29/2019  06:56:32 PM Logger     Crane_2 is alive
INFO: 05/29/2019  06:56:32 PM Logger     Crane_3 is alive
INFO: 05/29/2019  06:56:32 PM Logger     Crane_4 is alive
INFO: 05/29/2019  06:56:33 PM Logger     PadThread is alive
INFO: 05/29/2019  06:56:33 PM Logger     Logger is alive
INFO: 05/29/2019  06:56:33 PM Logger     Crane_1 is alive
INFO: 05/29/2019  06:56:33 PM Logger     Crane_2 is alive
INFO: 05/29/2019  06:56:33 PM Logger     Crane_3 is alive
INFO: 05/29/2019  06:56:33 PM Logger     Crane_4 is alive
INFO: 05/29/2019  06:56:35 PM Logger     PadThread is alive
INFO: 05/29/2019  06:56:35 PM Logger     Logger is alive
INFO: 05/29/2019  06:56:35 PM Logger     Crane_1 is alive
INFO: 05/29/2019  06:56:35 PM Logger     Crane_2 is alive
INFO: 05/29/2019  06:56:35 PM Logger     Crane_3 is alive
INFO: 05/29/2019  06:56:35 PM Logger     Crane_4 is alive
